已經開始建置於 2016/6/22 上午 10:01:34。
     1>節點 2 (build 目標) 上的專案 "C:\Users\lin\Documents\作業區\組合語言\專題\猜地雷\猜地雷.vcxproj"。
     1>InitializeBuildStatus:
         由於指定了 "AlwaysCreate"，因此正在建立 "Debug\BOOM.unsuccessfulbuild"。
       _MASM:
         Assembling [Inputs]...
         cmd.exe /C "C:\Users\lin\AppData\Local\Temp\tmpc4e642de5f1c485c9d804048f8778cb4.cmd"
         ml.exe /c /nologo /Zi /Fo"Debug\main.obj" /I "D:\Irvine\45640-IrvineExamples" /W3 /errorReport:prompt  /Tamain.asm
       Link:
         C:\Program Files (x86)\Microsoft Visual Studio 10.0\VC\bin\link.exe /ERRORREPORT:PROMPT /OUT:"C:\Users\lin\Documents\作業區\組合語言\專題\猜地雷\Debug\BOOM.exe" /NOLOGO /LIBPATH:"D:\Irvine\45640-IrvineExamples" Irvine32.lib kernel32.lib user32.lib gdi32.lib winspool.lib comdlg32.lib advapi32.lib shell32.lib ole32.lib oleaut32.lib uuid.lib odbc32.lib odbccp32.lib kernel32.lib user32.lib gdi32.lib winspool.lib comdlg32.lib advapi32.lib shell32.lib ole32.lib oleaut32.lib uuid.lib odbc32.lib odbccp32.lib /MANIFEST /ManifestFile:"Debug\BOOM.exe.intermediate.manifest" /MANIFESTUAC:"level='asInvoker' uiAccess='false'" /DEBUG /PDB:"C:\Users\lin\Documents\作業區\組合語言\專題\猜地雷\Debug\BOOM.pdb" /SUBSYSTEM:CONSOLE /TLBID:1 /DYNAMICBASE /NXCOMPAT /IMPLIB:"C:\Users\lin\Documents\作業區\組合語言\專題\猜地雷\Debug\BOOM.lib" /MACHINE:X86 Debug\main.obj
         LINK : 最後的累加連結找不到或未建置 C:\Users\lin\Documents\作業區\組合語言\專題\猜地雷\Debug\BOOM.exe，正在執行完整連結
         猜地雷.vcxproj -> C:\Users\lin\Documents\作業區\組合語言\專題\猜地雷\Debug\BOOM.exe
       Manifest:
         C:\Program Files (x86)\Microsoft SDKs\Windows\v7.0A\bin\mt.exe /nologo /verbose /outputresource:"C:\Users\lin\Documents\作業區\組合語言\專題\猜地雷\Debug\BOOM.exe;#1" /manifest Debug\BOOM.exe.intermediate.manifest
       FinalizeBuildStatus:
         正在刪除檔案 "Debug\BOOM.unsuccessfulbuild"。
         正在變更時間戳記 "Debug\BOOM.lastbuildstate"。
     1>專案 "C:\Users\lin\Documents\作業區\組合語言\專題\猜地雷\猜地雷.vcxproj" (build 目標) 建置完成。

建置成功。

經過時間 00:00:00.28
